Copyright 1986-2022 Xilinx, Inc. All Rights Reserved. Copyright 2022-2025 Advanced Micro Devices, Inc. All Rights Reserved.
---------------------------------------------------------------------------------------------------------------------------------------------
| Tool Version : Vivado v.2025.2 (win64) Build 6299465 Fri Nov 14 19:35:11 GMT 2025
| Date         : Mon Jun 15 13:58:42 2026
| Host         : LAPTOP-682FQQV1 running 64-bit major release  (build 9200)
| Command      : report_timing_summary -file D:/HW_WORK/huawei_vvc/rtl/timing_k160_pblock.rpt
| Design       : its_top
| Device       : 7k160t-fbg484
| Speed File   : -3  PRODUCTION 1.12 2017-02-17
| Design State : Routed
---------------------------------------------------------------------------------------------------------------------------------------------

Timing Summary Report

------------------------------------------------------------------------------------------------
| Timer Settings
| --------------
------------------------------------------------------------------------------------------------

  Enable Multi Corner Analysis               :  Yes
  Enable Pessimism Removal                   :  Yes
  Pessimism Removal Resolution               :  Nearest Common Node
  Enable Input Delay Default Clock           :  No
  Enable Preset / Clear Arcs                 :  No
  Disable Flight Delays                      :  No
  Ignore I/O Paths                           :  No
  Timing Early Launch at Borrowing Latches   :  No
  Borrow Time for Max Delay Exceptions       :  Yes
  Merge Timing Exceptions                    :  Yes
  Inter-SLR Compensation                     :  Conservative

  Corner  Analyze    Analyze    
  Name    Max Paths  Min Paths  
  ------  ---------  ---------  
  Slow    Yes        Yes        
  Fast    Yes        Yes        


------------------------------------------------------------------------------------------------
| Report Methodology
| ------------------
------------------------------------------------------------------------------------------------

No report available as report_methodology has not been run prior. Run report_methodology on the current design for the summary of methodology violations.



check_timing report

Table of Contents
-----------------
1. checking no_clock (0)
2. checking constant_clock (0)
3. checking pulse_width_clock (0)
4. checking unconstrained_internal_endpoints (0)
5. checking no_input_delay (55)
6. checking no_output_delay (43)
7. checking multiple_clock (0)
8. checking generated_clocks (0)
9. checking loops (0)
10. checking partial_input_delay (0)
11. checking partial_output_delay (0)
12. checking latch_loops (0)

1. checking no_clock (0)
------------------------
 There are 0 register/latch pins with no clock.


2. checking constant_clock (0)
------------------------------
 There are 0 register/latch pins with constant_clock.


3. checking pulse_width_clock (0)
---------------------------------
 There are 0 register/latch pins which need pulse_width check


4. checking unconstrained_internal_endpoints (0)
------------------------------------------------
 There are 0 pins that are not constrained for maximum delay.

 There are 0 pins that are not constrained for maximum delay due to constant clock.


5. checking no_input_delay (55)
-------------------------------
 There are 55 input ports with no input delay specified. (HIGH)

 There are 0 input ports with no input delay but user has a false path constraint.


6. checking no_output_delay (43)
--------------------------------
 There are 43 ports with no output delay specified. (HIGH)

 There are 0 ports with no output delay but user has a false path constraint

 There are 0 ports with no output delay but with a timing clock defined on it or propagating through it


7. checking multiple_clock (0)
------------------------------
 There are 0 register/latch pins with multiple clocks.


8. checking generated_clocks (0)
--------------------------------
 There are 0 generated clocks that are not connected to a clock source.


9. checking loops (0)
---------------------
 There are 0 combinational loops in the design.


10. checking partial_input_delay (0)
------------------------------------
 There are 0 input ports with partial input delay specified.


11. checking partial_output_delay (0)
-------------------------------------
 There are 0 ports with partial output delay specified.


12. checking latch_loops (0)
----------------------------
 There are 0 combinational latch loops in the design through latch input



------------------------------------------------------------------------------------------------
| Design Timing Summary
| ---------------------
------------------------------------------------------------------------------------------------

    WNS(ns)      TNS(ns)  TNS Failing Endpoints  TNS Total Endpoints      WHS(ns)      THS(ns)  THS Failing Endpoints  THS Total Endpoints     WPWS(ns)     TPWS(ns)  TPWS Failing Endpoints  TPWS Total Endpoints  
    -------      -------  ---------------------  -------------------      -------      -------  ---------------------  -------------------     --------     --------  ----------------------  --------------------  
     -1.658   -10401.254                  14955                26427        0.027        0.000                      0                26427        0.107        0.000                       0                  7050  


Timing constraints are not met.


------------------------------------------------------------------------------------------------
| Clock Summary
| -------------
------------------------------------------------------------------------------------------------

Clock  Waveform(ns)         Period(ns)      Frequency(MHz)
-----  ------------         ----------      --------------
clk    {0.000 1.000}        2.000           500.000         


------------------------------------------------------------------------------------------------
| Intra Clock Table
| -----------------
------------------------------------------------------------------------------------------------

Clock             WNS(ns)      TNS(ns)  TNS Failing Endpoints  TNS Total Endpoints      WHS(ns)      THS(ns)  THS Failing Endpoints  THS Total Endpoints     WPWS(ns)     TPWS(ns)  TPWS Failing Endpoints  TPWS Total Endpoints  
-----             -------      -------  ---------------------  -------------------      -------      -------  ---------------------  -------------------     --------     --------  ----------------------  --------------------  
clk                -1.658   -10401.254                  14955                26427        0.027        0.000                      0                26427        0.107        0.000                       0                  7050  


------------------------------------------------------------------------------------------------
| Inter Clock Table
| -----------------
------------------------------------------------------------------------------------------------

From Clock    To Clock          WNS(ns)      TNS(ns)  TNS Failing Endpoints  TNS Total Endpoints      WHS(ns)      THS(ns)  THS Failing Endpoints  THS Total Endpoints  
----------    --------          -------      -------  ---------------------  -------------------      -------      -------  ---------------------  -------------------  


------------------------------------------------------------------------------------------------
| Other Path Groups Table
| -----------------------
------------------------------------------------------------------------------------------------

Path Group    From Clock    To Clock          WNS(ns)      TNS(ns)  TNS Failing Endpoints  TNS Total Endpoints      WHS(ns)      THS(ns)  THS Failing Endpoints  THS Total Endpoints  
----------    ----------    --------          -------      -------  ---------------------  -------------------      -------      -------  ---------------------  -------------------  


------------------------------------------------------------------------------------------------
| Timing Details
| --------------
------------------------------------------------------------------------------------------------


---------------------------------------------------------------------------------------------------
From Clock:  clk
  To Clock:  clk

Setup :        14955  Failing Endpoints,  Worst Slack       -1.658ns,  Total Violation   -10401.254ns
Hold  :            0  Failing Endpoints,  Worst Slack        0.027ns,  Total Violation        0.000ns
PW    :            0  Failing Endpoints,  Worst Slack        0.107ns,  Total Violation        0.000ns
---------------------------------------------------------------------------------------------------


Max Delay Paths
--------------------------------------------------------------------------------------
Slack (VIOLATED) :        -1.658ns  (required time - arrival time)
  Source:                 u_it_1d_core/u_dct8_1d/coeff_reg_reg[6]/C
                            (rising edge-triggered cell FDCE clocked by clk  {rise@0.000ns fall@1.000ns period=2.000ns})
  Destination:            u_it_1d_core/u_dct8_1d/acc_reg[1][4]/D
                            (rising edge-triggered cell FDCE clocked by clk  {rise@0.000ns fall@1.000ns period=2.000ns})
  Path Group:             clk
  Path Type:              Setup (Max at Slow Process Corner)
  Requirement:            2.000ns  (clk rise@2.000ns - clk rise@0.000ns)
  Data Path Delay:        3.441ns  (logic 2.651ns (77.044%)  route 0.790ns (22.956%))
  Logic Levels:           2  (DSP48E1=1 LUT2=1)
  Clock Path Skew:        -0.248ns (DCD - SCD + CPR)
    Destination Clock Delay (DCD):    3.482ns = ( 5.482 - 2.000 ) 
    Source Clock Delay      (SCD):    3.941ns
    Clock Pessimism Removal (CPR):    0.211ns
  Clock Uncertainty:      0.035ns  ((TSJ^2 + TIJ^2)^1/2 + DJ) / 2 + PE
    Total System Jitter     (TSJ):    0.071ns
    Total Input Jitter      (TIJ):    0.000ns
    Discrete Jitter          (DJ):    0.000ns
    Phase Error              (PE):    0.000ns

    Location             Delay type                Incr(ns)  Path(ns)    Netlist Resource(s)
  -------------------------------------------------------------------    -------------------
                         (clock clk rise edge)        0.000     0.000 r  
    J20                                               0.000     0.000 r  clk (IN)
                         net (fo=0)                   0.000     0.000    clk
    J20                  IBUF (Prop_ibuf_I_O)         0.720     0.720 r  clk_IBUF_inst/O
                         net (fo=1, routed)           1.476     2.196    clk_IBUF
    BUFGCTRL_X0Y2        BUFG (Prop_bufg_I_O)         0.080     2.276 r  clk_IBUF_BUFG_inst_replica_1/O
                         net (fo=2, routed)           0.121     2.397    clk_IBUF_BUFG_repN_1
    BUFGCTRL_X0Y1        BUFG (Prop_bufg_I_O)         0.080     2.477 r  clk_IBUF_BUFG_inst_replica/O
                         net (fo=32, routed)          0.121     2.598    clk_IBUF_BUFG_repN
    BUFGCTRL_X0Y0        BUFG (Prop_bufg_I_O)         0.080     2.678 r  clk_IBUF_BUFG_inst/O
                         net (fo=7016, routed)        1.263     3.941    u_it_1d_core/u_dct8_1d/clk_IBUF_BUFG
    SLICE_X63Y91         FDCE                                         r  u_it_1d_core/u_dct8_1d/coeff_reg_reg[6]/C
  -------------------------------------------------------------------    -------------------
    SLICE_X63Y91         FDCE (Prop_fdce_C_Q)         0.216     4.157 r  u_it_1d_core/u_dct8_1d/coeff_reg_reg[6]/Q
                         net (fo=4, routed)           0.343     4.500    u_it_1d_core/u_dct8_1d/coeff_reg[6]
    DSP48_X3Y38          DSP48E1 (Prop_dsp48e1_A[6]_P[4])
                                                      2.392     6.892 r  u_it_1d_core/u_dct8_1d/parallel_mac[1].signed_acc/P[4]
                         net (fo=1, routed)           0.447     7.339    u_it_1d_core/u_dct8_1d/parallel_mac[1].signed_acc__0[4]
    SLICE_X66Y100        LUT2 (Prop_lut2_I0_O)        0.043     7.382 r  u_it_1d_core/u_dct8_1d/dct8_1d_LUT2_62/O
                         net (fo=1, routed)           0.000     7.382    u_it_1d_core/u_dct8_1d/acc[1][4]_i_1__1_n_0
    SLICE_X66Y100        FDCE                                         r  u_it_1d_core/u_dct8_1d/acc_reg[1][4]/D
  -------------------------------------------------------------------    -------------------

                         (clock clk rise edge)        2.000     2.000 r  
    J20                                               0.000     2.000 r  clk (IN)
                         net (fo=0)                   0.000     2.000    clk
    J20                  IBUF (Prop_ibuf_I_O)         0.645     2.645 r  clk_IBUF_inst/O
                         net (fo=1, routed)           1.394     4.039    clk_IBUF
    BUFGCTRL_X0Y2        BUFG (Prop_bufg_I_O)         0.072     4.111 r  clk_IBUF_BUFG_inst_replica_1/O
                         net (fo=2, routed)           0.112     4.223    clk_IBUF_BUFG_repN_1
    BUFGCTRL_X0Y1        BUFG (Prop_bufg_I_O)         0.072     4.295 r  clk_IBUF_BUFG_inst_replica/O
                         net (fo=32, routed)          0.112     4.407    clk_IBUF_BUFG_repN
    BUFGCTRL_X0Y0        BUFG (Prop_bufg_I_O)         0.072     4.479 r  clk_IBUF_BUFG_inst/O
                         net (fo=7016, routed)        1.003     5.482    u_it_1d_core/u_dct8_1d/clk_IBUF_BUFG
    SLICE_X66Y100        FDCE                                         r  u_it_1d_core/u_dct8_1d/acc_reg[1][4]/C
                         clock pessimism              0.211     5.693    
                         clock uncertainty           -0.035     5.658    
    SLICE_X66Y100        FDCE (Setup_fdce_C_D)        0.066     5.724    u_it_1d_core/u_dct8_1d/acc_reg[1][4]
  -------------------------------------------------------------------
                         required time                          5.724    
                         arrival time                          -7.382    
  -------------------------------------------------------------------
                         slack                                 -1.658    





Min Delay Paths
--------------------------------------------------------------------------------------
Slack (MET) :             0.027ns  (arrival time - required time)
  Source:                 u_it_1d_core/u_dct2_1d/shifted_result_reg_reg[3][12]/C
                            (rising edge-triggered cell FDCE clocked by clk  {rise@0.000ns fall@1.000ns period=2.000ns})
  Destination:            u_it_1d_core/u_dct2_1d/result_out3_reg[12]/D
                            (rising edge-triggered cell FDCE clocked by clk  {rise@0.000ns fall@1.000ns period=2.000ns})
  Path Group:             clk
  Path Type:              Hold (Min at Fast Process Corner)
  Requirement:            0.000ns  (clk rise@0.000ns - clk rise@0.000ns)
  Data Path Delay:        0.253ns  (logic 0.128ns (50.514%)  route 0.125ns (49.486%))
  Logic Levels:           1  (LUT5=1)
  Clock Path Skew:        0.139ns (DCD - SCD - CPR)
    Destination Clock Delay (DCD):    2.049ns
    Source Clock Delay      (SCD):    1.569ns
    Clock Pessimism Removal (CPR):    0.341ns

    Location             Delay type                Incr(ns)  Path(ns)    Netlist Resource(s)
  -------------------------------------------------------------------    -------------------
                         (clock clk rise edge)        0.000     0.000 r  
    J20                                               0.000     0.000 r  clk (IN)
                         net (fo=0)                   0.000     0.000    clk
    J20                  IBUF (Prop_ibuf_I_O)         0.083     0.083 r  clk_IBUF_inst/O
                         net (fo=1, routed)           0.704     0.787    clk_IBUF
    BUFGCTRL_X0Y2        BUFG (Prop_bufg_I_O)         0.026     0.813 r  clk_IBUF_BUFG_inst_replica_1/O
                         net (fo=2, routed)           0.035     0.848    clk_IBUF_BUFG_repN_1
    BUFGCTRL_X0Y1        BUFG (Prop_bufg_I_O)         0.026     0.874 r  clk_IBUF_BUFG_inst_replica/O
                         net (fo=32, routed)          0.035     0.909    clk_IBUF_BUFG_repN
    BUFGCTRL_X0Y0        BUFG (Prop_bufg_I_O)         0.026     0.935 r  clk_IBUF_BUFG_inst/O
                         net (fo=7016, routed)        0.634     1.569    u_it_1d_core/u_dct2_1d/clk_IBUF_BUFG
    SLICE_X17Y99         FDCE                                         r  u_it_1d_core/u_dct2_1d/shifted_result_reg_reg[3][12]/C
  -------------------------------------------------------------------    -------------------
    SLICE_X17Y99         FDCE (Prop_fdce_C_Q)         0.100     1.669 r  u_it_1d_core/u_dct2_1d/shifted_result_reg_reg[3][12]/Q
                         net (fo=1, routed)           0.125     1.794    u_it_1d_core/u_dct2_1d/shifted_result_reg_reg_n_0_[3][12]
    SLICE_X16Y100        LUT5 (Prop_lut5_I2_O)        0.028     1.822 r  u_it_1d_core/u_dct2_1d/dct2_1d_LUT5_156/O
                         net (fo=1, routed)           0.000     1.822    u_it_1d_core/u_dct2_1d/result_out3[12]_i_1_n_0
    SLICE_X16Y100        FDCE                                         r  u_it_1d_core/u_dct2_1d/result_out3_reg[12]/D
  -------------------------------------------------------------------    -------------------

                         (clock clk rise edge)        0.000     0.000 r  
    J20                                               0.000     0.000 r  clk (IN)
                         net (fo=0)                   0.000     0.000    clk
    J20                  IBUF (Prop_ibuf_I_O)         0.331     0.331 r  clk_IBUF_inst/O
                         net (fo=1, routed)           0.769     1.100    clk_IBUF
    BUFGCTRL_X0Y2        BUFG (Prop_bufg_I_O)         0.030     1.130 r  clk_IBUF_BUFG_inst_replica_1/O
                         net (fo=2, routed)           0.039     1.169    clk_IBUF_BUFG_repN_1
    BUFGCTRL_X0Y1        BUFG (Prop_bufg_I_O)         0.030     1.199 r  clk_IBUF_BUFG_inst_replica/O
                         net (fo=32, routed)          0.039     1.238    clk_IBUF_BUFG_repN
    BUFGCTRL_X0Y0        BUFG (Prop_bufg_I_O)         0.030     1.268 r  clk_IBUF_BUFG_inst/O
                         net (fo=7016, routed)        0.781     2.049    u_it_1d_core/u_dct2_1d/clk_IBUF_BUFG
    SLICE_X16Y100        FDCE                                         r  u_it_1d_core/u_dct2_1d/result_out3_reg[12]/C
                         clock pessimism             -0.341     1.708    
    SLICE_X16Y100        FDCE (Hold_fdce_C_D)         0.087     1.795    u_it_1d_core/u_dct2_1d/result_out3_reg[12]
  -------------------------------------------------------------------
                         required time                         -1.795    
                         arrival time                           1.822    
  -------------------------------------------------------------------
                         slack                                  0.027    





Pulse Width Checks
--------------------------------------------------------------------------------------
Clock Name:         clk
Waveform(ns):       { 0.000 1.000 }
Period(ns):         2.000
Sources:            { clk }

Check Type        Corner  Lib Pin             Reference Pin  Required(ns)  Actual(ns)  Slack(ns)  Location      Pin
Min Period        n/a     RAMB36E1/CLKARDCLK  n/a            1.893         2.000       0.107      RAMB36_X1Y16  u_intermediate_buffer/mem_reg_0/CLKARDCLK
Low Pulse Width   Slow    RAMD64E/CLK         n/a            0.674         1.000       0.326      SLICE_X42Y72  u_tu_pre_buffer/bank0_reg_0_63_0_2/RAMA/CLK
High Pulse Width  Slow    RAMD64E/CLK         n/a            0.674         1.000       0.326      SLICE_X42Y72  u_tu_pre_buffer/bank0_reg_0_63_0_2/RAMA/CLK



